<?xml version="1.0" encoding="UTF-8"?>
<!-- Generated by org.testng.reporters.JUnitReportReporter -->
<testsuite skipped="0" hostname="DESKTOP-6KNR55K" name="com.training.sanity.tests.listofcategoriestest" tests="1" failures="0" timestamp="2019-10-23T10:37:03 IST" time="20.249" errors="0">
  <testcase name="validLoginTest" time="20.249" classname="com.training.sanity.tests.listofcategoriestest"/>
</testsuite> <!-- com.training.sanity.tests.listofcategoriestest -->
