<?xml version="1.0" encoding="UTF-8"?>
<!-- Generated by org.testng.reporters.JUnitReportReporter -->
<testsuite skipped="0" hostname="DESKTOP-6KNR55K" name="com.training.sanity.tests.RetailRemoveRTTC_010" tests="1" failures="0" timestamp="2019-10-29T09:51:25 IST" time="57.699" errors="0">
  <testcase name="removefromcart" time="57.699" classname="com.training.sanity.tests.RetailRemoveRTTC_010"/>
</testsuite> <!-- com.training.sanity.tests.RetailRemoveRTTC_010 -->
