<?xml version="1.0" encoding="UTF-8"?>
<!-- Generated by org.testng.reporters.JUnitReportReporter -->
<testsuite skipped="0" hostname="DESKTOP-6KNR55K" name="com.training.sanity.tests.DeleteMultipleCategoryRTTC_040" tests="1" failures="0" timestamp="2019-10-31T14:19:10 IST" time="35.139" errors="0">
  <testcase name="deletecategoriestest" time="35.139" classname="com.training.sanity.tests.DeleteMultipleCategoryRTTC_040"/>
</testsuite> <!-- com.training.sanity.tests.DeleteMultipleCategoryRTTC_040 -->
