<?xml version="1.0" encoding="UTF-8"?>
<!-- Generated by org.testng.reporters.JUnitReportReporter -->
<testsuite skipped="0" hostname="DESKTOP-6KNR55K" name="com.training.sanity.tests.RetailLoginTestsRTTC_011" tests="1" failures="0" timestamp="2019-10-29T09:51:25 IST" time="12.013" errors="0">
  <testcase name="retailLoginTest" time="12.013" classname="com.training.sanity.tests.RetailLoginTestsRTTC_011"/>
</testsuite> <!-- com.training.sanity.tests.RetailLoginTestsRTTC_011 -->
