<?xml version="1.0" encoding="UTF-8"?>
<!-- Generated by org.testng.reporters.JUnitReportReporter -->
<testsuite skipped="0" hostname="DESKTOP-6KNR55K" name="com.training.sanity.tests.RetailLoginTests" tests="1" failures="0" timestamp="2019-10-23T10:15:06 IST" time="17.329" errors="0">
  <testcase name="validLoginTest" time="17.329" classname="com.training.sanity.tests.RetailLoginTests"/>
</testsuite> <!-- com.training.sanity.tests.RetailLoginTests -->
