<?xml version="1.0" encoding="UTF-8"?>
<!-- Generated by org.testng.reporters.JUnitReportReporter -->
<testsuite skipped="0" hostname="DESKTOP-6KNR55K" name="com.training.sanity.tests.RetaillistofcategoriestestRTTC_012" tests="1" failures="0" timestamp="2019-10-31T14:19:10 IST" time="13.599" errors="0">
  <testcase name="listofcategoriestest" time="13.599" classname="com.training.sanity.tests.RetaillistofcategoriestestRTTC_012"/>
</testsuite> <!-- com.training.sanity.tests.RetaillistofcategoriestestRTTC_012 -->
