<?xml version="1.0" encoding="UTF-8"?>
<!-- Generated by org.testng.reporters.JUnitReportReporter -->
<testsuite skipped="0" hostname="DESKTOP-6KNR55K" name="com.training.sanity.tests.FilterProductDetailsRTTC_41" tests="1" failures="0" timestamp="2019-10-31T14:19:10 IST" time="20.178" errors="0">
  <testcase name="deletecategoriestest" time="20.178" classname="com.training.sanity.tests.FilterProductDetailsRTTC_41"/>
</testsuite> <!-- com.training.sanity.tests.FilterProductDetailsRTTC_41 -->
